android/app/build/intermediates/manifest_merge_blame_file/debug/manifest-merger-blame-debug-report.txt
1<?xml version="1.0" encoding="utf-8"?>
2<manifest xmlns:android="http://schemas.android.com/apk/res/android"
3    package="com.example.drawing_app"
4    android:versionCode="1"
5    android:versionName="1.0.0" >
6
7    <uses-sdk
8        android:minSdkVersion="21"
9        android:targetSdkVersion="34" />
10    <!--
11         The INTERNET permission is required for development. Specifically,
12         the Flutter tool needs it to communicate with the running application
13         to allow setting breakpoints, to provide hot reload, etc.
14    -->
15    <uses-permission android:name="android.permission.INTERNET" />
15-->src\debug\AndroidManifest.xml:6:5-66
15-->src\debug\AndroidManifest.xml:6:22-64
16
17    <queries>
17-->src\main\AndroidManifest.xml:30:5-35:15
18        <intent>
18-->src\main\AndroidManifest.xml:31:9-34:18
19            <action android:name="android.intent.action.PROCESS_TEXT" />
19-->src\main\AndroidManifest.xml:32:13-73
19-->src\main\AndroidManifest.xml:32:21-70
20
21            <data android:mimeType="text/plain" />
21-->src\main\AndroidManifest.xml:33:13-51
21-->src\main\AndroidManifest.xml:33:19-48
22        </intent>
23    </queries>
24
25    <uses-permission android:name="android.permission.WRITE_EXTERNAL_STORAGE" />
25-->src\main\AndroidManifest.xml:37:5-81
25-->src\main\AndroidManifest.xml:37:22-78
26    <uses-permission android:name="android.permission.READ_EXTERNAL_STORAGE" />
26-->src\main\AndroidManifest.xml:38:5-80
26-->src\main\AndroidManifest.xml:38:22-77
27
28    <permission
28-->[androidx.core:core:1.12.0] AndroidManifest.xml:22:5-24:47
29        android:name="com.example.drawing_app.DYNAMIC_RECEIVER_NOT_EXPORTED_PERMISSION"
29-->[androidx.core:core:1.12.0] AndroidManifest.xml:23:9-81
30        android:protectionLevel="signature" />
30-->[androidx.core:core:1.12.0] AndroidManifest.xml:24:9-44
31
32    <uses-permission android:name="com.example.drawing_app.DYNAMIC_RECEIVER_NOT_EXPORTED_PERMISSION" />
32-->[androidx.core:core:1.12.0] AndroidManifest.xml:26:5-97
32-->[androidx.core:core:1.12.0] AndroidManifest.xml:26:22-94
33
34    <application
35        android:name="android.app.Application"
36        android:appComponentFactory="androidx.core.app.CoreComponentFactory"
36-->[androidx.core:core:1.12.0] AndroidManifest.xml:28:18-86
37        android:debuggable="true"
38        android:icon="@mipmap/ic_launcher"
39        android:label="drawing_app" >
40        <activity
41            android:name="com.example.drawing_app.MainActivity"
42            android:configChanges="orientation|keyboardHidden|keyboard|screenSize|smallestScreenSize|locale|layoutDirection|fontScale|screenLayout|density|uiMode"
43            android:exported="true"
44            android:hardwareAccelerated="true"
45            android:launchMode="singleTop"
46            android:taskAffinity=""
47            android:theme="@style/LaunchTheme"
48            android:windowSoftInputMode="adjustResize" >
49            <meta-data
50                android:name="io.flutter.embedding.android.NormalTheme"
51                android:resource="@style/NormalTheme" />
52
53            <intent-filter>
54                <action android:name="android.intent.action.MAIN" />
55
56                <category android:name="android.intent.category.LAUNCHER" />
57            </intent-filter>
58        </activity>
59
60        <meta-data
61            android:name="flutterEmbedding"
62            android:value="2" />
63        <!--
64           Declares a provider which allows us to store files to share in
65           '.../caches/share_plus' and grant the receiving action access
66        -->
67        <provider
67-->[:share_plus] AndroidManifest.xml:15:9-23:20
68            android:name="dev.fluttercommunity.plus.share.ShareFileProvider"
68-->[:share_plus] AndroidManifest.xml:16:13-77
69            android:authorities="com.example.drawing_app.flutter.share_provider"
69-->[:share_plus] AndroidManifest.xml:17:13-74
70            android:exported="false"
70-->[:share_plus] AndroidManifest.xml:18:13-37
71            android:grantUriPermissions="true" >
71-->[:share_plus] AndroidManifest.xml:19:13-47
72            <meta-data
72-->[:share_plus] AndroidManifest.xml:20:13-22:68
73                android:name="android.support.FILE_PROVIDER_PATHS"
73-->[:share_plus] AndroidManifest.xml:21:17-67
74                android:resource="@xml/flutter_share_file_paths" />
74-->[:share_plus] AndroidManifest.xml:22:17-65
75        </provider>
76        <!--
77           This manifest declared broadcast receiver allows us to use an explicit
78           Intent when creating a PendingItent to be informed of the user's choice
79        -->
80        <receiver
80-->[:share_plus] AndroidManifest.xml:28:9-34:20
81            android:name="dev.fluttercommunity.plus.share.SharePlusPendingIntent"
81-->[:share_plus] AndroidManifest.xml:29:13-82
82            android:exported="false" >
82-->[:share_plus] AndroidManifest.xml:30:13-37
83            <intent-filter>
83-->[:share_plus] AndroidManifest.xml:31:13-33:29
84                <action android:name="EXTRA_CHOSEN_COMPONENT" />
84-->[:share_plus] AndroidManifest.xml:32:17-65
84-->[:share_plus] AndroidManifest.xml:32:25-62
85            </intent-filter>
86        </receiver>
87
88        <uses-library
88-->[androidx.window:window:1.0.0-beta04] AndroidManifest.xml:25:9-27:40
89            android:name="androidx.window.extensions"
89-->[androidx.window:window:1.0.0-beta04] AndroidManifest.xml:26:13-54
90            android:required="false" />
90-->[androidx.window:window:1.0.0-beta04] AndroidManifest.xml:27:13-37
91        <uses-library
91-->[androidx.window:window:1.0.0-beta04] AndroidManifest.xml:28:9-30:40
92            android:name="androidx.window.sidecar"
92-->[androidx.window:window:1.0.0-beta04] AndroidManifest.xml:29:13-51
93            android:required="false" />
93-->[androidx.window:window:1.0.0-beta04] AndroidManifest.xml:30:13-37
94    </application>
95
96</manifest>